23:12:15.851 [main] INFO  testCases.TC001_AccountSignUp - ****Starting TC001_AccountSignUp  *****
23:12:19.024 [main] INFO  testCases.TC001_AccountSignUp - clicked on SignUpLogin
23:12:20.498 [main] INFO  testCases.TC001_AccountSignUp - clicked on SignUpLogin
23:12:47.094 [main] INFO  testCases.TC001_AccountSignUp - ****Finished TC001_AccountSignUp  *****
23:26:51.998 [main] INFO  testCases.TC001_AccountSignUp - ****Starting TC001_AccountSignUp  *****
23:26:53.396 [main] INFO  testCases.TC001_AccountSignUp - clicked on SignUpLogin
23:26:57.675 [main] INFO  testCases.TC001_AccountSignUp - clicked on SignUpLogin
23:27:19.990 [main] ERROR testCases.TC001_AccountSignUp - Test Failed
23:33:05.866 [main] INFO  testCases.TC001_AccountSignUp - ****Starting TC001_AccountSignUp  *****
23:33:07.211 [main] INFO  testCases.TC001_AccountSignUp - clicked on SignUpLogin
23:33:08.956 [main] INFO  testCases.TC001_AccountSignUp - clicked on SignUpLogin
23:33:33.552 [main] INFO  testCases.TC001_AccountSignUp - ****Finished TC001_AccountSignUp  *****
23:36:07.099 [main] INFO  testCases.TC001_AccountSignUp - ****Starting TC001_AccountSignUp  *****
23:36:09.112 [main] INFO  testCases.TC001_AccountSignUp - clicked on SignUpLogin
23:36:10.508 [main] INFO  testCases.TC001_AccountSignUp - clicked on SignUpLogin
23:36:35.600 [main] INFO  testCases.TC001_AccountSignUp - ****Finished TC001_AccountSignUp  *****
23:36:44.786 [main] INFO  testCases.TC001_AccountSignUp - ****Starting TC001_AccountSignUp  *****
23:36:46.454 [main] INFO  testCases.TC001_AccountSignUp - clicked on SignUpLogin
23:36:46.974 [main] INFO  testCases.TC001_AccountSignUp - clicked on SignUpLogin
23:37:13.988 [main] INFO  testCases.TC001_AccountSignUp - ****Finished TC001_AccountSignUp  *****
23:37:46.573 [TestNG-tests-1] INFO  testCases.TC001_AccountSignUp - ****Starting TC001_AccountSignUp  *****
23:37:48.085 [TestNG-tests-2] INFO  testCases.TC001_AccountSignUp - ****Starting TC001_AccountSignUp  *****
23:37:49.023 [TestNG-tests-1] INFO  testCases.TC001_AccountSignUp - clicked on SignUpLogin
23:37:49.717 [TestNG-tests-2] INFO  testCases.TC001_AccountSignUp - clicked on SignUpLogin
23:37:51.667 [TestNG-tests-1] INFO  testCases.TC001_AccountSignUp - clicked on SignUpLogin
23:37:51.794 [TestNG-tests-2] INFO  testCases.TC001_AccountSignUp - clicked on SignUpLogin
23:38:19.082 [TestNG-tests-1] INFO  testCases.TC001_AccountSignUp - ****Finished TC001_AccountSignUp  *****
23:38:19.571 [TestNG-tests-2] INFO  testCases.TC001_AccountSignUp - ****Finished TC001_AccountSignUp  *****
23:46:55.123 [TestNG-tests-2] INFO  testCases.TC001_AccountSignUp - ****Starting TC001_AccountSignUp  *****
23:46:56.181 [TestNG-tests-1] INFO  testCases.TC001_AccountSignUp - ****Starting TC001_AccountSignUp  *****
23:46:56.948 [TestNG-tests-2] INFO  testCases.TC001_AccountSignUp - clicked on SignUpLogin
23:46:57.901 [TestNG-tests-1] INFO  testCases.TC001_AccountSignUp - clicked on SignUpLogin
23:46:58.378 [TestNG-tests-2] INFO  testCases.TC001_AccountSignUp - clicked on SignUpLogin
23:46:59.360 [TestNG-tests-1] INFO  testCases.TC001_AccountSignUp - clicked on SignUpLogin
23:47:24.702 [TestNG-tests-2] INFO  testCases.TC001_AccountSignUp - ****Finished TC001_AccountSignUp  *****
23:47:25.770 [TestNG-tests-1] INFO  testCases.TC001_AccountSignUp - ****Finished TC001_AccountSignUp  *****
