21:56:33.906 [main] INFO  testCases.TC002_LoginTestUsingDTT - Test End and Browser closed
22:04:38.672 [main] INFO  testCases.TC002_LoginTestUsingDTT - *** Starting TC002_LoginTest*******
22:04:52.906 [main] INFO  testCases.TC002_LoginTestUsingDTT - ****Finished TestCase*****
22:04:52.913 [main] INFO  testCases.TC002_LoginTestUsingDTT - *** Starting TC002_LoginTest*******
22:05:21.641 [main] INFO  testCases.TC002_LoginTestUsingDTT - *** Starting TC002_LoginTest*******
22:05:46.119 [main] INFO  testCases.TC002_LoginTestUsingDTT - *** Starting TC002_LoginTest*******
22:06:08.142 [main] INFO  testCases.TC002_LoginTestUsingDTT - Test End and Browser closed
22:13:24.494 [main] INFO  testCases.TC002_LoginTestUsingDTT - *** Starting TC002_LoginTest - Email: rohit0302@gmail.com | Expected: Valid ***
22:13:39.166 [main] INFO  testCases.TC002_LoginTestUsingDTT - Valid login successful for: rohit0302@gmail.com
22:13:42.824 [main] INFO  testCases.TC002_LoginTestUsingDTT - *** Finished TC002_LoginTest - Email: rohit0302@gmail.com ***
22:13:42.830 [main] INFO  testCases.TC002_LoginTestUsingDTT - *** Starting TC002_LoginTest - Email: rohit0303@gmail.com | Expected: Invalid ***
22:14:08.756 [main] ERROR testCases.TC002_LoginTestUsingDTT - Exception during test for email: rohit0303@gmail.com | no such element: Unable to locate element: {"method":"xpath","selector":"//*[@href="/delete_account"]"}
  (Session info: chrome=145.0.7632.117)
For documentation on this error, please visit: https://www.selenium.dev/documentation/webdriver/troubleshooting/errors#nosuchelementexception
Build info: version: '4.41.0', revision: '9fc754f'
System info: os.name: 'Windows 11', os.arch: 'amd64', os.version: '10.0', java.version: '25'
Driver info: org.openqa.selenium.chrome.ChromeDriver
Command: [4618764ef93ea6b2ab90fbab867d566f, findElement {value=//*[@href="/delete_account"], using=xpath}]
Capabilities {acceptInsecureCerts: false, browserName: chrome, browserVersion: 145.0.7632.117, chrome: {chromedriverVersion: 145.0.7632.117 (de4e5d6e13b..., userDataDir: C:\Users\Admin\AppData\Loca...}, fedcm:accounts: true, goog:chromeOptions: {debuggerAddress: localhost:58600}, goog:processID: 1712, networkConnectionEnabled: false, pageLoadStrategy: normal, platformName: windows, proxy: Proxy(), se:cdp: ws://localhost:58600/devtoo..., se:cdpVersion: 145.0.7632.117, setWindowRect: true, strictFileInteractability: false, timeouts: {implicit: 0, pageLoad: 300000, script: 30000}, unhandledPromptBehavior: dismiss and notify, webauthn:extension:credBlob: true, webauthn:extension:largeBlob: true, webauthn:extension:minPinLength: true, webauthn:extension:prf: true, webauthn:virtualAuthenticators: true}
Session ID: 4618764ef93ea6b2ab90fbab867d566f
22:14:08.756 [main] INFO  testCases.TC002_LoginTestUsingDTT - *** Starting TC002_LoginTest - Email: rohit0302@gmail.com | Expected: Invalid ***
22:14:30.002 [main] ERROR testCases.TC002_LoginTestUsingDTT - Exception during test for email: rohit0302@gmail.com | no such element: Unable to locate element: {"method":"xpath","selector":"//form[@action="/login"]//input[@name="email"]"}
  (Session info: chrome=145.0.7632.117)
For documentation on this error, please visit: https://www.selenium.dev/documentation/webdriver/troubleshooting/errors#nosuchelementexception
Build info: version: '4.41.0', revision: '9fc754f'
System info: os.name: 'Windows 11', os.arch: 'amd64', os.version: '10.0', java.version: '25'
Driver info: org.openqa.selenium.chrome.ChromeDriver
Command: [4618764ef93ea6b2ab90fbab867d566f, findElement {value=//form[@action="/login"]//input[@name="email"], using=xpath}]
Capabilities {acceptInsecureCerts: false, browserName: chrome, browserVersion: 145.0.7632.117, chrome: {chromedriverVersion: 145.0.7632.117 (de4e5d6e13b..., userDataDir: C:\Users\Admin\AppData\Loca...}, fedcm:accounts: true, goog:chromeOptions: {debuggerAddress: localhost:58600}, goog:processID: 1712, networkConnectionEnabled: false, pageLoadStrategy: normal, platformName: windows, proxy: Proxy(), se:cdp: ws://localhost:58600/devtoo..., se:cdpVersion: 145.0.7632.117, setWindowRect: true, strictFileInteractability: false, timeouts: {implicit: 0, pageLoad: 300000, script: 30000}, unhandledPromptBehavior: dismiss and notify, webauthn:extension:credBlob: true, webauthn:extension:largeBlob: true, webauthn:extension:minPinLength: true, webauthn:extension:prf: true, webauthn:virtualAuthenticators: true}
Session ID: 4618764ef93ea6b2ab90fbab867d566f
22:14:30.010 [main] INFO  testCases.TC002_LoginTestUsingDTT - *** Starting TC002_LoginTest - Email: Rohit@gmail.com | Expected: Invalid ***
22:14:34.482 [main] ERROR testCases.TC002_LoginTestUsingDTT - Exception during test for email: Rohit@gmail.com | stale element reference: stale element not found
  (Session info: chrome=145.0.7632.117)
For documentation on this error, please visit: https://www.selenium.dev/documentation/webdriver/troubleshooting/errors#staleelementreferenceexception
Build info: version: '4.41.0', revision: '9fc754f'
System info: os.name: 'Windows 11', os.arch: 'amd64', os.version: '10.0', java.version: '25'
Driver info: org.openqa.selenium.chrome.ChromeDriver
Command: [4618764ef93ea6b2ab90fbab867d566f, clickElement {id=f.1488B037AFCF75DA7FD0FDCC41965F45.d.F475352F834C20880C731A383A4684C9.e.186}]
Capabilities {acceptInsecureCerts: false, browserName: chrome, browserVersion: 145.0.7632.117, chrome: {chromedriverVersion: 145.0.7632.117 (de4e5d6e13b..., userDataDir: C:\Users\Admin\AppData\Loca...}, fedcm:accounts: true, goog:chromeOptions: {debuggerAddress: localhost:58600}, goog:processID: 1712, networkConnectionEnabled: false, pageLoadStrategy: normal, platformName: windows, proxy: Proxy(), se:cdp: ws://localhost:58600/devtoo..., se:cdpVersion: 145.0.7632.117, setWindowRect: true, strictFileInteractability: false, timeouts: {implicit: 0, pageLoad: 300000, script: 30000}, unhandledPromptBehavior: dismiss and notify, webauthn:extension:credBlob: true, webauthn:extension:largeBlob: true, webauthn:extension:minPinLength: true, webauthn:extension:prf: true, webauthn:virtualAuthenticators: true}
Element: [[ChromeDriver: chrome on windows (4618764ef93ea6b2ab90fbab867d566f)] -> xpath: //a[contains(text(),' Signup / Login')]]
Session ID: 4618764ef93ea6b2ab90fbab867d566f
22:14:34.890 [main] INFO  testCases.TC002_LoginTestUsingDTT - Test End and Browser closed
22:21:55.546 [main] INFO  testCases.TC002_LoginTestUsingDTT - *** Starting TC002_LoginTest - Email: rohit0302@gmail.com | Expected: Valid ***
22:22:22.311 [main] INFO  testCases.TC002_LoginTestUsingDTT - Valid login successful for: rohit0302@gmail.com
22:22:30.185 [main] INFO  testCases.TC002_LoginTestUsingDTT - *** Finished TC002_LoginTest - Email: rohit0302@gmail.com ***
22:22:30.190 [main] INFO  testCases.TC002_LoginTestUsingDTT - *** Starting TC002_LoginTest - Email: rohit0303@gmail.com | Expected: Invalid ***
22:23:03.500 [main] ERROR testCases.TC002_LoginTestUsingDTT - Exception during test for email: rohit0303@gmail.com | no such element: Unable to locate element: {"method":"xpath","selector":"//*[@href="/delete_account"]"}
  (Session info: chrome=145.0.7632.117)
For documentation on this error, please visit: https://www.selenium.dev/documentation/webdriver/troubleshooting/errors#nosuchelementexception
Build info: version: '4.41.0', revision: '9fc754f'
System info: os.name: 'Windows 11', os.arch: 'amd64', os.version: '10.0', java.version: '25'
Driver info: org.openqa.selenium.chrome.ChromeDriver
Command: [20dcbf46b5ed2f238afe2862c0480f8e, findElement {value=//*[@href="/delete_account"], using=xpath}]
Capabilities {acceptInsecureCerts: false, browserName: chrome, browserVersion: 145.0.7632.117, chrome: {chromedriverVersion: 145.0.7632.117 (de4e5d6e13b..., userDataDir: C:\Users\Admin\AppData\Loca...}, fedcm:accounts: true, goog:chromeOptions: {debuggerAddress: localhost:58463}, goog:processID: 21036, networkConnectionEnabled: false, pageLoadStrategy: normal, platformName: windows, proxy: Proxy(), se:cdp: ws://localhost:58463/devtoo..., se:cdpVersion: 145.0.7632.117, setWindowRect: true, strictFileInteractability: false, timeouts: {implicit: 0, pageLoad: 300000, script: 30000}, unhandledPromptBehavior: dismiss and notify, webauthn:extension:credBlob: true, webauthn:extension:largeBlob: true, webauthn:extension:minPinLength: true, webauthn:extension:prf: true, webauthn:virtualAuthenticators: true}
Session ID: 20dcbf46b5ed2f238afe2862c0480f8e
22:23:03.506 [main] INFO  testCases.TC002_LoginTestUsingDTT - *** Starting TC002_LoginTest - Email: rohit0302@gmail.com | Expected: Invalid ***
22:23:28.430 [main] ERROR testCases.TC002_LoginTestUsingDTT - Exception during test for email: rohit0302@gmail.com | no such element: Unable to locate element: {"method":"xpath","selector":"//*[@href="/delete_account"]"}
  (Session info: chrome=145.0.7632.117)
For documentation on this error, please visit: https://www.selenium.dev/documentation/webdriver/troubleshooting/errors#nosuchelementexception
Build info: version: '4.41.0', revision: '9fc754f'
System info: os.name: 'Windows 11', os.arch: 'amd64', os.version: '10.0', java.version: '25'
Driver info: org.openqa.selenium.chrome.ChromeDriver
Command: [20dcbf46b5ed2f238afe2862c0480f8e, findElement {value=//*[@href="/delete_account"], using=xpath}]
Capabilities {acceptInsecureCerts: false, browserName: chrome, browserVersion: 145.0.7632.117, chrome: {chromedriverVersion: 145.0.7632.117 (de4e5d6e13b..., userDataDir: C:\Users\Admin\AppData\Loca...}, fedcm:accounts: true, goog:chromeOptions: {debuggerAddress: localhost:58463}, goog:processID: 21036, networkConnectionEnabled: false, pageLoadStrategy: normal, platformName: windows, proxy: Proxy(), se:cdp: ws://localhost:58463/devtoo..., se:cdpVersion: 145.0.7632.117, setWindowRect: true, strictFileInteractability: false, timeouts: {implicit: 0, pageLoad: 300000, script: 30000}, unhandledPromptBehavior: dismiss and notify, webauthn:extension:credBlob: true, webauthn:extension:largeBlob: true, webauthn:extension:minPinLength: true, webauthn:extension:prf: true, webauthn:virtualAuthenticators: true}
Session ID: 20dcbf46b5ed2f238afe2862c0480f8e
22:23:28.436 [main] INFO  testCases.TC002_LoginTestUsingDTT - *** Starting TC002_LoginTest - Email: Rohit@gmail.com | Expected: Invalid ***
22:23:54.289 [main] ERROR testCases.TC002_LoginTestUsingDTT - Exception during test for email: Rohit@gmail.com | no such element: Unable to locate element: {"method":"xpath","selector":"//*[@href="/delete_account"]"}
  (Session info: chrome=145.0.7632.117)
For documentation on this error, please visit: https://www.selenium.dev/documentation/webdriver/troubleshooting/errors#nosuchelementexception
Build info: version: '4.41.0', revision: '9fc754f'
System info: os.name: 'Windows 11', os.arch: 'amd64', os.version: '10.0', java.version: '25'
Driver info: org.openqa.selenium.chrome.ChromeDriver
Command: [20dcbf46b5ed2f238afe2862c0480f8e, findElement {value=//*[@href="/delete_account"], using=xpath}]
Capabilities {acceptInsecureCerts: false, browserName: chrome, browserVersion: 145.0.7632.117, chrome: {chromedriverVersion: 145.0.7632.117 (de4e5d6e13b..., userDataDir: C:\Users\Admin\AppData\Loca...}, fedcm:accounts: true, goog:chromeOptions: {debuggerAddress: localhost:58463}, goog:processID: 21036, networkConnectionEnabled: false, pageLoadStrategy: normal, platformName: windows, proxy: Proxy(), se:cdp: ws://localhost:58463/devtoo..., se:cdpVersion: 145.0.7632.117, setWindowRect: true, strictFileInteractability: false, timeouts: {implicit: 0, pageLoad: 300000, script: 30000}, unhandledPromptBehavior: dismiss and notify, webauthn:extension:credBlob: true, webauthn:extension:largeBlob: true, webauthn:extension:minPinLength: true, webauthn:extension:prf: true, webauthn:virtualAuthenticators: true}
Session ID: 20dcbf46b5ed2f238afe2862c0480f8e
22:23:54.596 [main] INFO  testCases.TC002_LoginTestUsingDTT - Test End and Browser closed
22:26:18.142 [main] INFO  testCases.TC002_LoginTestUsingDTT - *** Starting TC002_LoginTest - Email: rohit0302@gmail.com | Expected: Valid ***
22:26:39.607 [main] INFO  testCases.TC002_LoginTestUsingDTT - Valid login successful for: rohit0302@gmail.com
22:26:40.766 [main] ERROR testCases.TC002_LoginTestUsingDTT - Exception during test for email: rohit0302@gmail.com | element click intercepted: Element <a href="/logout" style="color:brown;">...</a> is not clickable at point (901, 40). Other element would receive the click: <iframe id="aswift_3" name="aswift_3" style="min-height: auto !important; max-height: none !important; min-width: auto !important; max-width: none !important; width: 100vw !important; height: 100vh !important; inset: 0px auto auto 0px !important; position: absolute !important; clear: none !important; display: inline !important; float: none !important; margin: 0px !important; opacity: 1 !important; overflow: visible !important; padding: 0px !important; vertical-align: baseline !important; visibility: visible !important; z-index: auto !important;" sandbox="allow-forms allow-popups allow-popups-to-escape-sandbox allow-same-origin allow-scripts allow-top-navigation-by-user-activation" width="" height="" frameborder="0" marginwidth="0" marginheight="0" vspace="0" hspace="0" allowtransparency="true" scrolling="no" allow="attribution-reporting; run-ad-auction" src="https://googleads.g.doubleclick.net/pagead/html/r20260304/r20190131/zrt_lookup_fy2021.html#RS-0-&amp;adk=1812271808&amp;client=ca-pub-1677597403311019&amp;fa=8&amp;ifi=4&amp;uci=a!4" data-google-container-id="a!4" tabindex="0" title="Advertisement" aria-label="Advertisement" data-google-query-id="CIuXuoidiZMDFfaPRgQdA5EHVA" data-load-complete="true"></iframe>
  (Session info: chrome=145.0.7632.117)
Build info: version: '4.41.0', revision: '9fc754f'
System info: os.name: 'Windows 11', os.arch: 'amd64', os.version: '10.0', java.version: '25'
Driver info: org.openqa.selenium.chrome.ChromeDriver
Command: [86471d9393b0c72c9ef0c4d267434621, clickElement {id=f.D5AFA411D7E27576030C5C63342A085E.d.C475135BFECB2B246963D89551B8CE3C.e.95}]
Capabilities {acceptInsecureCerts: false, browserName: chrome, browserVersion: 145.0.7632.117, chrome: {chromedriverVersion: 145.0.7632.117 (de4e5d6e13b..., userDataDir: C:\Users\Admin\AppData\Loca...}, fedcm:accounts: true, goog:chromeOptions: {debuggerAddress: localhost:64471}, goog:processID: 19984, networkConnectionEnabled: false, pageLoadStrategy: normal, platformName: windows, proxy: Proxy(), se:cdp: ws://localhost:64471/devtoo..., se:cdpVersion: 145.0.7632.117, setWindowRect: true, strictFileInteractability: false, timeouts: {implicit: 0, pageLoad: 300000, script: 30000}, unhandledPromptBehavior: dismiss and notify, webauthn:extension:credBlob: true, webauthn:extension:largeBlob: true, webauthn:extension:minPinLength: true, webauthn:extension:prf: true, webauthn:virtualAuthenticators: true}
Element: [[ChromeDriver: chrome on windows (86471d9393b0c72c9ef0c4d267434621)] -> xpath: //a[@href='/logout']]
Session ID: 86471d9393b0c72c9ef0c4d267434621
22:26:40.786 [main] INFO  testCases.TC002_LoginTestUsingDTT - *** Starting TC002_LoginTest - Email: rohit0303@gmail.com | Expected: Invalid ***
22:27:00.829 [main] ERROR testCases.TC002_LoginTestUsingDTT - Exception during test for email: rohit0303@gmail.com | no such element: Unable to locate element: {"method":"xpath","selector":"//a[contains(text(),' Signup / Login')]"}
  (Session info: chrome=145.0.7632.117)
For documentation on this error, please visit: https://www.selenium.dev/documentation/webdriver/troubleshooting/errors#nosuchelementexception
Build info: version: '4.41.0', revision: '9fc754f'
System info: os.name: 'Windows 11', os.arch: 'amd64', os.version: '10.0', java.version: '25'
Driver info: org.openqa.selenium.chrome.ChromeDriver
Command: [86471d9393b0c72c9ef0c4d267434621, findElement {value=//a[contains(text(),' Signup / Login')], using=xpath}]
Capabilities {acceptInsecureCerts: false, browserName: chrome, browserVersion: 145.0.7632.117, chrome: {chromedriverVersion: 145.0.7632.117 (de4e5d6e13b..., userDataDir: C:\Users\Admin\AppData\Loca...}, fedcm:accounts: true, goog:chromeOptions: {debuggerAddress: localhost:64471}, goog:processID: 19984, networkConnectionEnabled: false, pageLoadStrategy: normal, platformName: windows, proxy: Proxy(), se:cdp: ws://localhost:64471/devtoo..., se:cdpVersion: 145.0.7632.117, setWindowRect: true, strictFileInteractability: false, timeouts: {implicit: 0, pageLoad: 300000, script: 30000}, unhandledPromptBehavior: dismiss and notify, webauthn:extension:credBlob: true, webauthn:extension:largeBlob: true, webauthn:extension:minPinLength: true, webauthn:extension:prf: true, webauthn:virtualAuthenticators: true}
Session ID: 86471d9393b0c72c9ef0c4d267434621
22:27:00.839 [main] INFO  testCases.TC002_LoginTestUsingDTT - *** Starting TC002_LoginTest - Email: rohit0302@gmail.com | Expected: Invalid ***
22:27:20.876 [main] ERROR testCases.TC002_LoginTestUsingDTT - Exception during test for email: rohit0302@gmail.com | no such element: Unable to locate element: {"method":"xpath","selector":"//a[contains(text(),' Signup / Login')]"}
  (Session info: chrome=145.0.7632.117)
For documentation on this error, please visit: https://www.selenium.dev/documentation/webdriver/troubleshooting/errors#nosuchelementexception
Build info: version: '4.41.0', revision: '9fc754f'
System info: os.name: 'Windows 11', os.arch: 'amd64', os.version: '10.0', java.version: '25'
Driver info: org.openqa.selenium.chrome.ChromeDriver
Command: [86471d9393b0c72c9ef0c4d267434621, findElement {value=//a[contains(text(),' Signup / Login')], using=xpath}]
Capabilities {acceptInsecureCerts: false, browserName: chrome, browserVersion: 145.0.7632.117, chrome: {chromedriverVersion: 145.0.7632.117 (de4e5d6e13b..., userDataDir: C:\Users\Admin\AppData\Loca...}, fedcm:accounts: true, goog:chromeOptions: {debuggerAddress: localhost:64471}, goog:processID: 19984, networkConnectionEnabled: false, pageLoadStrategy: normal, platformName: windows, proxy: Proxy(), se:cdp: ws://localhost:64471/devtoo..., se:cdpVersion: 145.0.7632.117, setWindowRect: true, strictFileInteractability: false, timeouts: {implicit: 0, pageLoad: 300000, script: 30000}, unhandledPromptBehavior: dismiss and notify, webauthn:extension:credBlob: true, webauthn:extension:largeBlob: true, webauthn:extension:minPinLength: true, webauthn:extension:prf: true, webauthn:virtualAuthenticators: true}
Session ID: 86471d9393b0c72c9ef0c4d267434621
22:27:20.888 [main] INFO  testCases.TC002_LoginTestUsingDTT - *** Starting TC002_LoginTest - Email: Rohit@gmail.com | Expected: Invalid ***
22:27:40.940 [main] ERROR testCases.TC002_LoginTestUsingDTT - Exception during test for email: Rohit@gmail.com | no such element: Unable to locate element: {"method":"xpath","selector":"//a[contains(text(),' Signup / Login')]"}
  (Session info: chrome=145.0.7632.117)
For documentation on this error, please visit: https://www.selenium.dev/documentation/webdriver/troubleshooting/errors#nosuchelementexception
Build info: version: '4.41.0', revision: '9fc754f'
System info: os.name: 'Windows 11', os.arch: 'amd64', os.version: '10.0', java.version: '25'
Driver info: org.openqa.selenium.chrome.ChromeDriver
Command: [86471d9393b0c72c9ef0c4d267434621, findElement {value=//a[contains(text(),' Signup / Login')], using=xpath}]
Capabilities {acceptInsecureCerts: false, browserName: chrome, browserVersion: 145.0.7632.117, chrome: {chromedriverVersion: 145.0.7632.117 (de4e5d6e13b..., userDataDir: C:\Users\Admin\AppData\Loca...}, fedcm:accounts: true, goog:chromeOptions: {debuggerAddress: localhost:64471}, goog:processID: 19984, networkConnectionEnabled: false, pageLoadStrategy: normal, platformName: windows, proxy: Proxy(), se:cdp: ws://localhost:64471/devtoo..., se:cdpVersion: 145.0.7632.117, setWindowRect: true, strictFileInteractability: false, timeouts: {implicit: 0, pageLoad: 300000, script: 30000}, unhandledPromptBehavior: dismiss and notify, webauthn:extension:credBlob: true, webauthn:extension:largeBlob: true, webauthn:extension:minPinLength: true, webauthn:extension:prf: true, webauthn:virtualAuthenticators: true}
Session ID: 86471d9393b0c72c9ef0c4d267434621
22:27:41.604 [main] INFO  testCases.TC002_LoginTestUsingDTT - Test End and Browser closed
