23:49:15.894 [main] INFO  testCases.TC001_AccountSignUp - ****Starting TC001_AccountSignUp  *****
23:49:17.195 [main] INFO  testCases.TC001_AccountSignUp - clicked on SignUpLogin
23:49:19.931 [main] ERROR testCases.TC001_AccountSignUp - Test Failed
23:49:20.486 [main] INFO  testCases.TC001_AccountSignUp - Test End and Browser closed
23:49:27.377 [main] INFO  testCases.TC002_LoginTest - *** Starting TC002_LoginTest*******
23:49:33.239 [main] INFO  testCases.TC002_LoginTest - *** Finished  TC002_LoginTest*******
23:49:36.847 [main] INFO  testCases.TC002_LoginTest - Test End and Browser closed
23:49:51.508 [main] INFO  testCases.TC001_AccountSignUp - ****Starting TC001_AccountSignUp  *****
23:49:54.033 [main] INFO  testCases.TC001_AccountSignUp - clicked on SignUpLogin
23:49:55.559 [main] ERROR testCases.TC001_AccountSignUp - Test Failed
23:49:55.831 [main] INFO  testCases.TC001_AccountSignUp - Test End and Browser closed
23:49:59.670 [main] INFO  testCases.TC002_LoginTest - *** Starting TC002_LoginTest*******
23:50:06.766 [main] INFO  testCases.TC002_LoginTest - Test End and Browser closed
23:57:25.671 [main] INFO  testCases.TC001_AccountSignUp - ****Starting TC001_AccountSignUp  *****
23:57:27.699 [main] INFO  testCases.TC001_AccountSignUp - clicked on SignUpLogin
23:57:29.657 [main] ERROR testCases.TC001_AccountSignUp - Test Failed
23:57:30.841 [main] INFO  testCases.TC001_AccountSignUp - Test End and Browser closed
23:57:37.894 [main] INFO  testCases.TC002_LoginTest - *** Starting TC002_LoginTest*******
23:57:39.303 [main] INFO  testCases.TC002_LoginTest - Test End and Browser closed
23:57:50.746 [main] INFO  testCases.TC001_AccountSignUp - ****Starting TC001_AccountSignUp  *****
23:57:52.236 [main] INFO  testCases.TC001_AccountSignUp - clicked on SignUpLogin
23:57:54.732 [main] ERROR testCases.TC001_AccountSignUp - Test Failed
23:57:55.255 [main] INFO  testCases.TC001_AccountSignUp - Test End and Browser closed
23:58:01.760 [main] INFO  testCases.TC002_LoginTest - *** Starting TC002_LoginTest*******
23:58:04.234 [main] INFO  testCases.TC002_LoginTest - Test End and Browser closed
23:59:39.601 [main] INFO  testCases.TC001_AccountSignUp - ****Starting TC001_AccountSignUp  *****
23:59:42.199 [main] INFO  testCases.TC001_AccountSignUp - clicked on SignUpLogin
23:59:43.589 [main] ERROR testCases.TC001_AccountSignUp - Test Failed
23:59:43.898 [main] INFO  testCases.TC001_AccountSignUp - Test End and Browser closed
23:59:48.865 [main] INFO  testCases.TC002_LoginTest - *** Starting TC002_LoginTest*******
23:59:50.121 [main] INFO  testCases.TC002_LoginTest - Test End and Browser closed
